[0.072s] Invoking command in '/home/shiyuanduan/RapidTile/rapid_tile_ws/build/kinematics_utils': CMAKE_PREFIX_PATH=${CMAKE_PREFIX_PATH}:/opt/ros/humble /usr/bin/cmake /home/shiyuanduan/RapidTile/rapid_tile_ws/src/kinematics_utils -DCMAKE_INSTALL_PREFIX=/home/shiyuanduan/RapidTile/rapid_tile_ws/install/kinematics_utils
[0.169s] -- The C compiler identification is GNU 11.3.0
[0.565s] -- The CXX compiler identification is GNU 11.3.0
[0.859s] -- Detecting C compiler ABI info
[0.956s] -- Detecting C compiler ABI info - done
[0.960s] -- Check for working C compiler: /usr/bin/cc - skipped
[0.960s] -- Detecting C compile features
[0.960s] -- Detecting C compile features - done
[0.962s] -- Detecting CXX compiler ABI info
[1.072s] -- Detecting CXX compiler ABI info - done
[1.076s] -- Check for working CXX compiler: /usr/bin/c++ - skipped
[1.076s] -- Detecting CXX compile features
[1.076s] -- Detecting CXX compile features - done
[1.078s] -- Found ament_cmake: 1.3.3 (/opt/ros/humble/share/ament_cmake/cmake)
[1.173s] -- Found Python3: /usr/bin/python3.10 (found version "3.10.6") found components: Interpreter 
[1.221s] -- Found rclcpp: 16.0.3 (/opt/ros/humble/share/rclcpp/cmake)
[1.345s] -- Found rosidl_generator_c: 3.1.4 (/opt/ros/humble/share/rosidl_generator_c/cmake)
[1.348s] -- Found rosidl_adapter: 3.1.4 (/opt/ros/humble/share/rosidl_adapter/cmake)
[1.352s] -- Found rosidl_generator_cpp: 3.1.4 (/opt/ros/humble/share/rosidl_generator_cpp/cmake)
[1.359s] -- Using all available rosidl_typesupport_c: rosidl_typesupport_fastrtps_c;rosidl_typesupport_introspection_c
[1.369s] -- Using all available rosidl_typesupport_cpp: rosidl_typesupport_fastrtps_cpp;rosidl_typesupport_introspection_cpp
[1.406s] -- Found rmw_implementation_cmake: 6.1.1 (/opt/ros/humble/share/rmw_implementation_cmake/cmake)
[1.407s] -- Found rmw_fastrtps_cpp: 6.2.2 (/opt/ros/humble/share/rmw_fastrtps_cpp/cmake)
[2.473s] -- Found OpenSSL: /usr/lib/x86_64-linux-gnu/libcrypto.so (found version "3.0.2")  
[3.671s] -- Found FastRTPS: /opt/ros/humble/include  
[5.722s] -- Using RMW implementation 'rmw_fastrtps_cpp' as default
[5.726s] -- Looking for pthread.h
[5.842s] -- Looking for pthread.h - found
[5.842s] -- Performing Test CMAKE_HAVE_LIBC_PTHREAD
[5.955s] -- Performing Test CMAKE_HAVE_LIBC_PTHREAD - Success
[5.956s] -- Found Threads: TRUE  
[6.049s] -- Found rt_interfaces: 0.0.0 (/home/shiyuanduan/RapidTile/rapid_tile_ws/install/rt_interfaces/share/rt_interfaces/cmake)
[6.058s] -- Found ament_lint_auto: 0.12.5 (/opt/ros/humble/share/ament_lint_auto/cmake)
[6.111s] -- Added test 'cppcheck' to perform static code analysis on C / C++ code
[6.111s] -- Configured cppcheck include dirs: 
[6.111s] -- Configured cppcheck exclude dirs and/or files: 
[6.111s] -- Added test 'lint_cmake' to check CMake code style
[6.112s] -- Added test 'uncrustify' to check C / C++ code style
[6.112s] -- Configured uncrustify additional arguments: 
[6.112s] -- Added test 'xmllint' to check XML markup files
[6.113s] -- Configuring done
[6.118s] -- Generating done
[6.119s] -- Build files have been written to: /home/shiyuanduan/RapidTile/rapid_tile_ws/build/kinematics_utils
[6.126s] Invoked command in '/home/shiyuanduan/RapidTile/rapid_tile_ws/build/kinematics_utils' returned '0': CMAKE_PREFIX_PATH=${CMAKE_PREFIX_PATH}:/opt/ros/humble /usr/bin/cmake /home/shiyuanduan/RapidTile/rapid_tile_ws/src/kinematics_utils -DCMAKE_INSTALL_PREFIX=/home/shiyuanduan/RapidTile/rapid_tile_ws/install/kinematics_utils
[6.127s] Invoking command in '/home/shiyuanduan/RapidTile/rapid_tile_ws/build/kinematics_utils': CMAKE_PREFIX_PATH=${CMAKE_PREFIX_PATH}:/opt/ros/humble /usr/bin/cmake --build /home/shiyuanduan/RapidTile/rapid_tile_ws/build/kinematics_utils -- -j16 -l16
[6.148s] [ 50%] [32mBuilding CXX object CMakeFiles/IKServer.dir/src/SolveIK.cpp.o[0m
[8.472s] [01m[K/home/shiyuanduan/RapidTile/rapid_tile_ws/src/kinematics_utils/src/SolveIK.cpp:6:32:[m[K [01;31m[Kerror: [m[Kâ€˜[01m[Kexample_interfaces[m[Kâ€™ was not declared in this scope; did you mean â€˜[01m[Krcl_interfaces[m[Kâ€™?
[8.472s]     6 | void add(const std::shared_ptr<[01;31m[Kexample_interfaces[m[K::srv::SolveIK::Request> request,
[8.472s]       |                                [01;31m[K^~~~~~~~~~~~~~~~~~[m[K
[8.472s]       |                                [32m[Krcl_interfaces[m[K
[8.472s] [01m[K/home/shiyuanduan/RapidTile/rapid_tile_ws/src/kinematics_utils/src/SolveIK.cpp:6:73:[m[K [01;31m[Kerror: [m[Ktemplate argument 1 is invalid
[8.472s]     6 | void add(const std::shared_ptr<example_interfaces::srv::SolveIK::Request[01;31m[K>[m[K request,
[8.472s]       |                                                                         [01;31m[K^[m[K
[8.475s] [01m[K/home/shiyuanduan/RapidTile/rapid_tile_ws/src/kinematics_utils/src/SolveIK.cpp:6:32:[m[K [01;31m[Kerror: [m[Kâ€˜[01m[Kexample_interfaces[m[Kâ€™ was not declared in this scope; did you mean â€˜[01m[Krcl_interfaces[m[Kâ€™?
[8.475s]     6 | void add(const std::shared_ptr<[01;31m[Kexample_interfaces[m[K::srv::SolveIK::Request> request,
[8.475s]       |                                [01;31m[K^~~~~~~~~~~~~~~~~~[m[K
[8.475s]       |                                [32m[Krcl_interfaces[m[K
[8.475s] [01m[K/home/shiyuanduan/RapidTile/rapid_tile_ws/src/kinematics_utils/src/SolveIK.cpp:6:73:[m[K [01;31m[Kerror: [m[Ktemplate argument 1 is invalid
[8.475s]     6 | void add(const std::shared_ptr<example_interfaces::srv::SolveIK::Request[01;31m[K>[m[K request,
[8.475s]       |                                                                         [01;31m[K^[m[K
[8.477s] [01m[K/home/shiyuanduan/RapidTile/rapid_tile_ws/src/kinematics_utils/src/SolveIK.cpp:6:32:[m[K [01;31m[Kerror: [m[Kâ€˜[01m[Kexample_interfaces[m[Kâ€™ was not declared in this scope; did you mean â€˜[01m[Krcl_interfaces[m[Kâ€™?
[8.478s]     6 | void add(const std::shared_ptr<[01;31m[Kexample_interfaces[m[K::srv::SolveIK::Request> request,
[8.478s]       |                                [01;31m[K^~~~~~~~~~~~~~~~~~[m[K
[8.478s]       |                                [32m[Krcl_interfaces[m[K
[8.478s] [01m[K/home/shiyuanduan/RapidTile/rapid_tile_ws/src/kinematics_utils/src/SolveIK.cpp:6:73:[m[K [01;31m[Kerror: [m[Ktemplate argument 1 is invalid
[8.478s]     6 | void add(const std::shared_ptr<example_interfaces::srv::SolveIK::Request[01;31m[K>[m[K request,
[8.478s]       |                                                                         [01;31m[K^[m[K
[8.478s] [01m[K/home/shiyuanduan/RapidTile/rapid_tile_ws/src/kinematics_utils/src/SolveIK.cpp:6:16:[m[K [01;31m[Kerror: [m[Kinvalid template-id
[8.478s]     6 | void add(const [01;31m[Kstd[m[K::shared_ptr<example_interfaces::srv::SolveIK::Request> request,
[8.478s]       |                [01;31m[K^~~[m[K
[8.480s] [01m[K/home/shiyuanduan/RapidTile/rapid_tile_ws/src/kinematics_utils/src/SolveIK.cpp:6:32:[m[K [01;31m[Kerror: [m[Kâ€˜[01m[Kexample_interfaces[m[Kâ€™ was not declared in this scope; did you mean â€˜[01m[Krcl_interfaces[m[Kâ€™?
[8.480s]     6 | void add(const std::shared_ptr<[01;31m[Kexample_interfaces[m[K::srv::SolveIK::Request> request,
[8.480s]       |                                [01;31m[K^~~~~~~~~~~~~~~~~~[m[K
[8.480s]       |                                [32m[Krcl_interfaces[m[K
[8.480s] [01m[K/home/shiyuanduan/RapidTile/rapid_tile_ws/src/kinematics_utils/src/SolveIK.cpp:6:6:[m[K [01;31m[Kerror: [m[Kvariable or field â€˜[01m[Kadd[m[Kâ€™ declared void
[8.480s]     6 | void [01;31m[Kadd[m[K(const std::shared_ptr<example_interfaces::srv::SolveIK::Request> request,
[8.480s]       |      [01;31m[K^~~[m[K
[8.480s] [01m[K/home/shiyuanduan/RapidTile/rapid_tile_ws/src/kinematics_utils/src/SolveIK.cpp:6:10:[m[K [01;31m[Kerror: [m[Kexpected primary-expression before â€˜[01m[Kconst[m[Kâ€™
[8.480s]     6 | void add([01;31m[Kconst[m[K std::shared_ptr<example_interfaces::srv::SolveIK::Request> request,
[8.480s]       |          [01;31m[K^~~~~[m[K
[8.483s] [01m[K/home/shiyuanduan/RapidTile/rapid_tile_ws/src/kinematics_utils/src/SolveIK.cpp:7:27:[m[K [01;31m[Kerror: [m[Kâ€˜[01m[Kexample_interfaces[m[Kâ€™ was not declared in this scope; did you mean â€˜[01m[Krcl_interfaces[m[Kâ€™?
[8.483s]     7 |           std::shared_ptr<[01;31m[Kexample_interfaces[m[K::srv::SolveIK::Response>      response)
[8.483s]       |                           [01;31m[K^~~~~~~~~~~~~~~~~~[m[K
[8.483s]       |                           [32m[Krcl_interfaces[m[K
[8.483s] [01m[K/home/shiyuanduan/RapidTile/rapid_tile_ws/src/kinematics_utils/src/SolveIK.cpp:7:69:[m[K [01;31m[Kerror: [m[Ktemplate argument 1 is invalid
[8.483s]     7 |           std::shared_ptr<example_interfaces::srv::SolveIK::Response[01;31m[K>[m[K      response)
[8.483s]       |                                                                     [01;31m[K^[m[K
[8.486s] [01m[K/home/shiyuanduan/RapidTile/rapid_tile_ws/src/kinematics_utils/src/SolveIK.cpp:[m[K In function â€˜[01m[Kint main(int, char**)[m[Kâ€™:
[8.486s] [01m[K/home/shiyuanduan/RapidTile/rapid_tile_ws/src/kinematics_utils/src/SolveIK.cpp:21:19:[m[K [01;31m[Kerror: [m[Kâ€˜[01m[Kexample_interfaces[m[Kâ€™ was not declared in this scope; did you mean â€˜[01m[Krcl_interfaces[m[Kâ€™?
[8.486s]    21 |   rclcpp::Service<[01;31m[Kexample_interfaces[m[K::srv::SolveIK>::SharedPtr service =
[8.486s]       |                   [01;31m[K^~~~~~~~~~~~~~~~~~[m[K
[8.486s]       |                   [32m[Krcl_interfaces[m[K
[8.486s] [01m[K/home/shiyuanduan/RapidTile/rapid_tile_ws/src/kinematics_utils/src/SolveIK.cpp:21:51:[m[K [01;31m[Kerror: [m[Ktemplate argument 1 is invalid
[8.486s]    21 |   rclcpp::Service<example_interfaces::srv::SolveIK[01;31m[K>[m[K::SharedPtr service =
[8.486s]       |                                                   [01;31m[K^[m[K
[8.486s] [01m[K/home/shiyuanduan/RapidTile/rapid_tile_ws/src/kinematics_utils/src/SolveIK.cpp:21:64:[m[K [01;31m[Kerror: [m[Kqualified-id in declaration before â€˜[01m[Kservice[m[Kâ€™
[8.486s]    21 |   rclcpp::Service<example_interfaces::srv::SolveIK>::SharedPtr [01;31m[Kservice[m[K =
[8.486s]       |                                                                [01;31m[K^~~~~~~[m[K
[8.824s] gmake[2]: *** [CMakeFiles/IKServer.dir/build.make:76: CMakeFiles/IKServer.dir/src/SolveIK.cpp.o] Error 1
[8.824s] gmake[1]: *** [CMakeFiles/Makefile2:137: CMakeFiles/IKServer.dir/all] Error 2
[8.824s] gmake: *** [Makefile:146: all] Error 2
[8.827s] Invoked command in '/home/shiyuanduan/RapidTile/rapid_tile_ws/build/kinematics_utils' returned '2': CMAKE_PREFIX_PATH=${CMAKE_PREFIX_PATH}:/opt/ros/humble /usr/bin/cmake --build /home/shiyuanduan/RapidTile/rapid_tile_ws/build/kinematics_utils -- -j16 -l16
